<?xml version="1.0" encoding="UTF-8"?>
<!-- Generated by org.testng.reporters.JUnitReportReporter -->
<testsuite hostname="SARIBINA-IN" name="main.Main" tests="1" failures="0" timestamp="8 May 2019 18:12:49 GMT" time="17.626" errors="0">
  <testcase name="Execute" time="17.626" classname="main.Main"/>
</testsuite> <!-- main.Main -->
