<?xml version="1.0" encoding="UTF-8"?>
<!-- Generated by org.testng.reporters.JUnitReportReporter -->
<testsuite hostname="SARIBINA-IN" name="executor.AdminPio" tests="1" failures="0" timestamp="10 May 2019 03:06:24 GMT" time="15.673" errors="0">
  <testcase name="Execute" time="15.673" classname="executor.AdminPio"/>
</testsuite> <!-- executor.AdminPio -->
